# JRE version: OpenJDK Runtime Environment (17.0.7) (build 17.0.7+0-b2043.56-10550314)
# Java VM: OpenJDK 64-Bit Server VM (17.0.7+0-b2043.56-10550314, mixed mode, tiered, compressed oops, compressed class ptrs, g1 gc, windows-amd64)
GC Precious Log:
 CPUs: 2 total, 2 available
 Memory: 3986M
 Large Page Support: Disabled
 NUMA Support: Disabled
 Compressed Oops: Enabled (32-bit)
 Heap Region Size: 1M
 Heap Min Capacity: 8M
 Heap Initial Capacity: 64M
 Heap Max Capacity: 2G
 Pre-touch: Disabled
 Parallel Workers: 2
 Concurrent Workers: 1
 Concurrent Refinement Workers: 2
 Periodic GC: Disabled
Heap:
 garbage-first heap   total 403456K, used 239575K [0x0000000080000000, 0x0000000100000000)
  region size 1024K, 11 young (11264K), 2 survivors (2048K)
 Metaspace       used 183847K, committed 185920K, reserved 1245184K
  class space    used 23419K, committed 24192K, reserved 1048576K
GC Heap History (20 events):
Event: 56.012 GC heap before
{Heap before GC invocations=107 (full 33):
 garbage-first heap   total 345088K, used 160727K [0x0000000080000000, 0x0000000100000000)
  region size 1024K, 1 young (1024K), 0 survivors (0K)
 Metaspace       used 150293K, committed 151168K, reserved 1245184K
  class space    used 19508K, committed 19904K, reserved 1048576K
}
Event: 56.169 GC heap after
{Heap after GC invocations=108 (full 34):
 garbage-first heap   total 345088K, used 160727K [0x0000000080000000, 0x0000000100000000)
  region size 1024K, 0 young (0K), 0 survivors (0K)
 Metaspace       used 150293K, committed 151168K, reserved 1245184K
  class space    used 19508K, committed 19904K, reserved 1048576K
}
Event: 56.185 GC heap before
{Heap before GC invocations=108 (full 34):
 garbage-first heap   total 345088K, used 160727K [0x0000000080000000, 0x0000000100000000)
  region size 1024K, 1 young (1024K), 0 survivors (0K)
 Metaspace       used 150293K, committed 151168K, reserved 1245184K
  class space    used 19508K, committed 19904K, reserved 1048576K
}
Event: 56.354 GC heap after
{Heap after GC invocations=109 (full 35):
 garbage-first heap   total 345088K, used 160727K [0x0000000080000000, 0x0000000100000000)
  region size 1024K, 0 young (0K), 0 survivors (0K)
 Metaspace       used 150293K, committed 151168K, reserved 1245184K
  class space    used 19508K, committed 19904K, reserved 1048576K
}
Event: 56.376 GC heap before
{Heap before GC invocations=109 (full 35):
 garbage-first heap   total 345088K, used 160727K [0x0000000080000000, 0x0000000100000000)
  region size 1024K, 1 young (1024K), 0 survivors (0K)
 Metaspace       used 150293K, committed 151168K, reserved 1245184K
  class space    used 19508K, committed 19904K, reserved 1048576K
}
Event: 56.540 GC heap after
{Heap after GC invocations=110 (full 36):
 garbage-first heap   total 345088K, used 160727K [0x0000000080000000, 0x0000000100000000)
  region size 1024K, 0 young (0K), 0 survivors (0K)
 Metaspace       used 150293K, committed 151168K, reserved 1245184K
  class space    used 19508K, committed 19904K, reserved 1048576K
}
Event: 62.061 GC heap before
{Heap before GC invocations=110 (full 36):
 garbage-first heap   total 345088K, used 284631K [0x0000000080000000, 0x0000000100000000)
  region size 1024K, 120 young (122880K), 0 survivors (0K)
 Metaspace       used 166187K, committed 167104K, reserved 1245184K
  class space    used 21581K, committed 22016K, reserved 1048576K
}
Event: 62.097 GC heap after
{Heap after GC invocations=111 (full 36):
 garbage-first heap   total 345088K, used 167895K [0x0000000080000000, 0x0000000100000000)
  region size 1024K, 7 young (7168K), 7 survivors (7168K)
 Metaspace       used 166187K, committed 167104K, reserved 1245184K
  class space    used 21581K, committed 22016K, reserved 1048576K
}
Event: 83.567 GC heap before
{Heap before GC invocations=111 (full 36):
 garbage-first heap   total 345088K, used 284631K [0x0000000080000000, 0x0000000100000000)
  region size 1024K, 122 young (124928K), 7 survivors (7168K)
 Metaspace       used 170194K, committed 171136K, reserved 1245184K
  class space    used 21970K, committed 22400K, reserved 1048576K
}
Event: 83.601 GC heap after
{Heap after GC invocations=112 (full 36):
 garbage-first heap   total 345088K, used 177299K [0x0000000080000000, 0x0000000100000000)
  region size 1024K, 16 young (16384K), 16 survivors (16384K)
 Metaspace       used 170194K, committed 171136K, reserved 1245184K
  class space    used 21970K, committed 22400K, reserved 1048576K
}
Event: 103.241 GC heap before
{Heap before GC invocations=112 (full 36):
 garbage-first heap   total 345088K, used 282771K [0x0000000080000000, 0x0000000100000000)
  region size 1024K, 120 young (122880K), 16 survivors (16384K)
 Metaspace       used 177194K, committed 178176K, reserved 1245184K
  class space    used 22747K, committed 23232K, reserved 1048576K
}
Event: 103.357 GC heap after
{Heap after GC invocations=113 (full 36):
 garbage-first heap   total 345088K, used 182576K [0x0000000080000000, 0x0000000100000000)
  region size 1024K, 6 young (6144K), 6 survivors (6144K)
 Metaspace       used 177194K, committed 178176K, reserved 1245184K
  class space    used 22747K, committed 23232K, reserved 1048576K
}
Event: 3015.017 GC heap before
{Heap before GC invocations=113 (full 36):
 garbage-first heap   total 345088K, used 284976K [0x0000000080000000, 0x0000000100000000)
  region size 1024K, 107 young (109568K), 6 survivors (6144K)
 Metaspace       used 178851K, committed 179968K, reserved 1245184K
  class space    used 22878K, committed 23424K, reserved 1048576K
}
Event: 3015.307 GC heap after
{Heap after GC invocations=114 (full 36):
 garbage-first heap   total 345088K, used 185520K [0x0000000080000000, 0x0000000100000000)
  region size 1024K, 9 young (9216K), 9 survivors (9216K)
 Metaspace       used 178851K, committed 179968K, reserved 1245184K
  class space    used 22878K, committed 23424K, reserved 1048576K
}
Event: 3021.492 GC heap before
{Heap before GC invocations=114 (full 36):
 garbage-first heap   total 345088K, used 287920K [0x0000000080000000, 0x0000000100000000)
  region size 1024K, 110 young (112640K), 9 survivors (9216K)
 Metaspace       used 181386K, committed 182528K, reserved 1245184K
  class space    used 23229K, committed 23808K, reserved 1048576K
}
Event: 3021.688 GC heap after
{Heap after GC invocations=115 (full 36):
 garbage-first heap   total 345088K, used 199194K [0x0000000080000000, 0x0000000100000000)
  region size 1024K, 14 young (14336K), 14 survivors (14336K)
 Metaspace       used 181386K, committed 182528K, reserved 1245184K
  class space    used 23229K, committed 23808K, reserved 1048576K
}
Event: 3024.138 GC heap before
{Heap before GC invocations=115 (full 36):
 garbage-first heap   total 345088K, used 286234K [0x0000000080000000, 0x0000000100000000)
  region size 1024K, 97 young (99328K), 14 survivors (14336K)
 Metaspace       used 184203K, committed 185344K, reserved 1245184K
  class space    used 23587K, committed 24128K, reserved 1048576K
}
Event: 3024.361 GC heap after
{Heap after GC invocations=116 (full 36):
 garbage-first heap   total 345088K, used 230359K [0x0000000080000000, 0x0000000100000000)
  region size 1024K, 13 young (13312K), 13 survivors (13312K)
 Metaspace       used 184203K, committed 185344K, reserved 1245184K
  class space    used 23587K, committed 24128K, reserved 1048576K
}
Event: 3025.606 GC heap before
{Heap before GC invocations=116 (full 36):
 garbage-first heap   total 345088K, used 246743K [0x0000000080000000, 0x0000000100000000)
  region size 1024K, 29 young (29696K), 13 survivors (13312K)
 Metaspace       used 184720K, committed 185856K, reserved 1245184K
  class space    used 23621K, committed 24192K, reserved 1048576K
}
Event: 3025.647 GC heap after
{Heap after GC invocations=117 (full 36):
 garbage-first heap   total 345088K, used 232407K [0x0000000080000000, 0x0000000100000000)
  region size 1024K, 2 young (2048K), 2 survivors (2048K)
 Metaspace       used 184720K, committed 185856K, reserved 1245184K
  class space    used 23621K, committed 24192K, reserved 1048576K
}

