# JRE version: OpenJDK Runtime Environment (17.0.7) (build 17.0.7+0-b2043.56-10550314)
# Java VM: OpenJDK 64-Bit Server VM (17.0.7+0-b2043.56-10550314, mixed mode, tiered, compressed oops, compressed class ptrs, g1 gc, windows-amd64)
GC Precious Log:
 CPUs: 2 total, 2 available
 Memory: 3986M
 Large Page Support: Disabled
 NUMA Support: Disabled
 Compressed Oops: Enabled (32-bit)
 Heap Region Size: 1M
 Heap Min Capacity: 8M
 Heap Initial Capacity: 64M
 Heap Max Capacity: 2G
 Pre-touch: Disabled
 Parallel Workers: 2
 Concurrent Workers: 1
 Concurrent Refinement Workers: 2
 Periodic GC: Disabled
Heap:
 garbage-first heap   total 231424K, used 160858K [0x0000000080000000, 0x0000000100000000)
  region size 1024K, 95 young (97280K), 4 survivors (4096K)
 Metaspace       used 97992K, committed 98688K, reserved 1179648K
  class space    used 13351K, committed 13696K, reserved 1048576K
GC Heap History (20 events):
Event: 19.478 GC heap before
{Heap before GC invocations=29 (full 0):
 garbage-first heap   total 96256K, used 72750K [0x0000000080000000, 0x0000000100000000)
  region size 1024K, 21 young (21504K), 1 survivors (1024K)
 Metaspace       used 72154K, committed 72768K, reserved 1114112K
  class space    used 9562K, committed 9856K, reserved 1048576K
}
Event: 19.483 GC heap after
{Heap after GC invocations=30 (full 0):
 garbage-first heap   total 96256K, used 56157K [0x0000000080000000, 0x0000000100000000)
  region size 1024K, 3 young (3072K), 3 survivors (3072K)
 Metaspace       used 72154K, committed 72768K, reserved 1114112K
  class space    used 9562K, committed 9856K, reserved 1048576K
}
Event: 19.969 GC heap before
{Heap before GC invocations=31 (full 0):
 garbage-first heap   total 96256K, used 83805K [0x0000000080000000, 0x0000000100000000)
  region size 1024K, 25 young (25600K), 3 survivors (3072K)
 Metaspace       used 72980K, committed 73536K, reserved 1114112K
  class space    used 9684K, committed 9984K, reserved 1048576K
}
Event: 19.977 GC heap after
{Heap after GC invocations=32 (full 0):
 garbage-first heap   total 96256K, used 58673K [0x0000000080000000, 0x0000000100000000)
  region size 1024K, 4 young (4096K), 4 survivors (4096K)
 Metaspace       used 72980K, committed 73536K, reserved 1114112K
  class space    used 9684K, committed 9984K, reserved 1048576K
}
Event: 19.997 GC heap before
{Heap before GC invocations=32 (full 0):
 garbage-first heap   total 96256K, used 59697K [0x0000000080000000, 0x0000000100000000)
  region size 1024K, 5 young (5120K), 4 survivors (4096K)
 Metaspace       used 73063K, committed 73600K, reserved 1114112K
  class space    used 9692K, committed 9984K, reserved 1048576K
}
Event: 20.009 GC heap after
{Heap after GC invocations=33 (full 0):
 garbage-first heap   total 115712K, used 58546K [0x0000000080000000, 0x0000000100000000)
  region size 1024K, 1 young (1024K), 1 survivors (1024K)
 Metaspace       used 73063K, committed 73600K, reserved 1114112K
  class space    used 9692K, committed 9984K, reserved 1048576K
}
Event: 20.863 GC heap before
{Heap before GC invocations=33 (full 0):
 garbage-first heap   total 115712K, used 88242K [0x0000000080000000, 0x0000000100000000)
  region size 1024K, 30 young (30720K), 1 survivors (1024K)
 Metaspace       used 75310K, committed 75968K, reserved 1179648K
  class space    used 9995K, committed 10304K, reserved 1048576K
}
Event: 20.868 GC heap after
{Heap after GC invocations=34 (full 0):
 garbage-first heap   total 115712K, used 59811K [0x0000000080000000, 0x0000000100000000)
  region size 1024K, 2 young (2048K), 2 survivors (2048K)
 Metaspace       used 75310K, committed 75968K, reserved 1179648K
  class space    used 9995K, committed 10304K, reserved 1048576K
}
Event: 22.109 GC heap before
{Heap before GC invocations=35 (full 0):
 garbage-first heap   total 115712K, used 90531K [0x0000000080000000, 0x0000000100000000)
  region size 1024K, 32 young (32768K), 2 survivors (2048K)
 Metaspace       used 78744K, committed 79360K, reserved 1179648K
  class space    used 10463K, committed 10752K, reserved 1048576K
}
Event: 22.116 GC heap after
{Heap after GC invocations=36 (full 0):
 garbage-first heap   total 115712K, used 60943K [0x0000000080000000, 0x0000000100000000)
  region size 1024K, 3 young (3072K), 3 survivors (3072K)
 Metaspace       used 78744K, committed 79360K, reserved 1179648K
  class space    used 10463K, committed 10752K, reserved 1048576K
}
Event: 22.723 GC heap before
{Heap before GC invocations=36 (full 0):
 garbage-first heap   total 115712K, used 91663K [0x0000000080000000, 0x0000000100000000)
  region size 1024K, 33 young (33792K), 3 survivors (3072K)
 Metaspace       used 81076K, committed 81664K, reserved 1179648K
  class space    used 10756K, committed 11072K, reserved 1048576K
}
Event: 22.735 GC heap after
{Heap after GC invocations=37 (full 0):
 garbage-first heap   total 115712K, used 63752K [0x0000000080000000, 0x0000000100000000)
  region size 1024K, 4 young (4096K), 4 survivors (4096K)
 Metaspace       used 81076K, committed 81664K, reserved 1179648K
  class space    used 10756K, committed 11072K, reserved 1048576K
}
Event: 23.310 GC heap before
{Heap before GC invocations=37 (full 0):
 garbage-first heap   total 115712K, used 92424K [0x0000000080000000, 0x0000000100000000)
  region size 1024K, 32 young (32768K), 4 survivors (4096K)
 Metaspace       used 83388K, committed 84032K, reserved 1179648K
  class space    used 11085K, committed 11392K, reserved 1048576K
}
Event: 23.324 GC heap after
{Heap after GC invocations=38 (full 0):
 garbage-first heap   total 115712K, used 64765K [0x0000000080000000, 0x0000000100000000)
  region size 1024K, 1 young (1024K), 1 survivors (1024K)
 Metaspace       used 83388K, committed 84032K, reserved 1179648K
  class space    used 11085K, committed 11392K, reserved 1048576K
}
Event: 24.028 GC heap before
{Heap before GC invocations=38 (full 0):
 garbage-first heap   total 115712K, used 95485K [0x0000000080000000, 0x0000000100000000)
  region size 1024K, 30 young (30720K), 1 survivors (1024K)
 Metaspace       used 85625K, committed 86208K, reserved 1179648K
  class space    used 11484K, committed 11776K, reserved 1048576K
}
Event: 24.033 GC heap after
{Heap after GC invocations=39 (full 0):
 garbage-first heap   total 115712K, used 65537K [0x0000000080000000, 0x0000000100000000)
  region size 1024K, 2 young (2048K), 2 survivors (2048K)
 Metaspace       used 85625K, committed 86208K, reserved 1179648K
  class space    used 11484K, committed 11776K, reserved 1048576K
}
Event: 24.718 GC heap before
{Heap before GC invocations=39 (full 0):
 garbage-first heap   total 115712K, used 95233K [0x0000000080000000, 0x0000000100000000)
  region size 1024K, 31 young (31744K), 2 survivors (2048K)
 Metaspace       used 88017K, committed 88640K, reserved 1179648K
  class space    used 11911K, committed 12224K, reserved 1048576K
}
Event: 24.726 GC heap after
{Heap after GC invocations=40 (full 0):
 garbage-first heap   total 115712K, used 66755K [0x0000000080000000, 0x0000000100000000)
  region size 1024K, 3 young (3072K), 3 survivors (3072K)
 Metaspace       used 88017K, committed 88640K, reserved 1179648K
  class space    used 11911K, committed 12224K, reserved 1048576K
}
Event: 25.717 GC heap before
{Heap before GC invocations=40 (full 0):
 garbage-first heap   total 115712K, used 96451K [0x0000000080000000, 0x0000000100000000)
  region size 1024K, 32 young (32768K), 3 survivors (3072K)
 Metaspace       used 90799K, committed 91392K, reserved 1179648K
  class space    used 12313K, committed 12608K, reserved 1048576K
}
Event: 25.729 GC heap after
{Heap after GC invocations=41 (full 0):
 garbage-first heap   total 231424K, used 68698K [0x0000000080000000, 0x0000000100000000)
  region size 1024K, 4 young (4096K), 4 survivors (4096K)
 Metaspace       used 90799K, committed 91392K, reserved 1179648K
  class space    used 12313K, committed 12608K, reserved 1048576K
}

